<?xml version="1.0" encoding="UTF-8"?>
<!-- Generated by org.testng.reporters.JUnitReportReporter -->
<testsuite hostname="EC2AMAZ-OGJGRLN" failures="0" tests="2" name="com.restAssuredhelper.TestGet" time="9.720" errors="0" timestamp="2020-01-30T11:39:10 GMT" skipped="0">
  <testcase classname="com.restAssuredhelper.TestGet" name="testGet" time="7.978"/>
  <system-out/>
  <testcase classname="com.restAssuredhelper.TestGet" name="testbody" time="1.742"/>
  <system-out/>
</testsuite> <!-- com.restAssuredhelper.TestGet -->
