<?xml version="1.0" encoding="UTF-8"?>
<!-- Generated by org.testng.reporters.JUnitReportReporter -->
<testsuite hostname="EC2AMAZ-OGJGRLN" failures="0" tests="1" name="com.restAssuredhelper.Post_Delete_PutExample" time="17.104" errors="0" timestamp="2020-01-30T18:09:37 GMT" skipped="0">
  <testcase classname="com.restAssuredhelper.Post_Delete_PutExample" name="test" time="17.104"/>
  <system-out/>
</testsuite> <!-- com.restAssuredhelper.Post_Delete_PutExample -->
