<?xml version="1.0" encoding="UTF-8"?>
<!-- Generated by org.testng.reporters.JUnitReportReporter -->
<testsuite hostname="EC2AMAZ-OGJGRLN" failures="0" tests="1" name="com.restAssuredhelper.RestAssuredDemo" time="4.510" errors="0" timestamp="2020-01-30T18:38:50 GMT" skipped="0">
  <testcase classname="com.restAssuredhelper.RestAssuredDemo" name="test1" time="4.510"/>
  <system-out/>
</testsuite> <!-- com.restAssuredhelper.RestAssuredDemo -->
